

Version:	3.14
CmdLine:	C:\Users\tady\IdeaProjects\voronoi\out\artifacts\voronoi_jar\voronoi.exe --l4j-debug
WOW64:		yes
Working dir:	C:\Users\tady\IdeaProjects\voronoi\out\artifacts\voronoi_jar\.
Java min ver:	1.017.000
Java max ver:	
64-bit search:	SOFTWARE\JavaSoft\Java Runtime Environment...
Check:		SOFTWARE\JavaSoft\Java Runtime Environment\1.8
Ignore:		1.008.000
Check:		SOFTWARE\JavaSoft\Java Runtime Environment\1.8.0_311
Ignore:		1.008.000_311
32-bit search:	SOFTWARE\JavaSoft\Java Runtime Environment...
64-bit search:	SOFTWARE\JavaSoft\Java Development Kit...
32-bit search:	SOFTWARE\JavaSoft\Java Development Kit...
64-bit search:	SOFTWARE\JavaSoft\JRE...
32-bit search:	SOFTWARE\JavaSoft\JRE...
64-bit search:	SOFTWARE\JavaSoft\JDK...
32-bit search:	SOFTWARE\JavaSoft\JDK...
64-bit search:	SOFTWARE\IBM\Java Runtime Environment...
32-bit search:	SOFTWARE\IBM\Java Runtime Environment...
64-bit search:	SOFTWARE\IBM\Java Development Kit...
32-bit search:	SOFTWARE\IBM\Java Development Kit...
64-bit search:	SOFTWARE\IBM\Java2 Runtime Environment...
32-bit search:	SOFTWARE\IBM\Java2 Runtime Environment...
64-bit search:	SOFTWARE\IBM\Java Development Kit...
32-bit search:	SOFTWARE\IBM\Java Development Kit...
Error msg:	This application requires a Java Runtime Environment 17
Open URL:	http://java.com/download


Version:	3.14
CmdLine:	C:\Users\tady\IdeaProjects\voronoi\out\artifacts\voronoi_jar\voronoi.exe --l4j-debug
WOW64:		yes
Working dir:	C:\Users\tady\IdeaProjects\voronoi\out\artifacts\voronoi_jar\.
Java min ver:	1.017.000
Java max ver:	
64-bit search:	SOFTWARE\JavaSoft\Java Runtime Environment...
Check:		SOFTWARE\JavaSoft\Java Runtime Environment\1.8
Ignore:		1.008.000
Check:		SOFTWARE\JavaSoft\Java Runtime Environment\1.8.0_311
Ignore:		1.008.000_311
32-bit search:	SOFTWARE\JavaSoft\Java Runtime Environment...
64-bit search:	SOFTWARE\JavaSoft\Java Development Kit...
32-bit search:	SOFTWARE\JavaSoft\Java Development Kit...
64-bit search:	SOFTWARE\JavaSoft\JRE...
32-bit search:	SOFTWARE\JavaSoft\JRE...
64-bit search:	SOFTWARE\JavaSoft\JDK...
32-bit search:	SOFTWARE\JavaSoft\JDK...
64-bit search:	SOFTWARE\IBM\Java Runtime Environment...
32-bit search:	SOFTWARE\IBM\Java Runtime Environment...
64-bit search:	SOFTWARE\IBM\Java Development Kit...
32-bit search:	SOFTWARE\IBM\Java Development Kit...
64-bit search:	SOFTWARE\IBM\Java2 Runtime Environment...
32-bit search:	SOFTWARE\IBM\Java2 Runtime Environment...
64-bit search:	SOFTWARE\IBM\Java Development Kit...
32-bit search:	SOFTWARE\IBM\Java Development Kit...
Error msg:	This application requires a Java Runtime Environment 17
Open URL:	http://java.com/download


Version:	3.14
CmdLine:	C:\Users\tady\IdeaProjects\voronoi\out\artifacts\voronoi_jar\voronoi.exe --l4j-debug
WOW64:		yes
Working dir:	C:\Users\tady\IdeaProjects\voronoi\out\artifacts\voronoi_jar\.
Java min ver:	1.017.000
Java max ver:	
64-bit search:	SOFTWARE\JavaSoft\Java Runtime Environment...
32-bit search:	SOFTWARE\JavaSoft\Java Runtime Environment...
64-bit search:	SOFTWARE\JavaSoft\Java Development Kit...
32-bit search:	SOFTWARE\JavaSoft\Java Development Kit...
64-bit search:	SOFTWARE\JavaSoft\JRE...
32-bit search:	SOFTWARE\JavaSoft\JRE...
64-bit search:	SOFTWARE\JavaSoft\JDK...
32-bit search:	SOFTWARE\JavaSoft\JDK...
64-bit search:	SOFTWARE\IBM\Java Runtime Environment...
32-bit search:	SOFTWARE\IBM\Java Runtime Environment...
64-bit search:	SOFTWARE\IBM\Java Development Kit...
32-bit search:	SOFTWARE\IBM\Java Development Kit...
64-bit search:	SOFTWARE\IBM\Java2 Runtime Environment...
32-bit search:	SOFTWARE\IBM\Java2 Runtime Environment...
64-bit search:	SOFTWARE\IBM\Java Development Kit...
32-bit search:	SOFTWARE\IBM\Java Development Kit...
Error msg:	This application requires a Java Runtime Environment 17
Open URL:	http://java.com/download


Version:	3.14
CmdLine:	C:\Users\tady\IdeaProjects\voronoi\out\artifacts\voronoi_jar\voronoi.exe --l4j-debug
WOW64:		yes
Working dir:	C:\Users\tady\IdeaProjects\voronoi\out\artifacts\voronoi_jar\.
Java min ver:	1.017.000
Java max ver:	
64-bit search:	SOFTWARE\JavaSoft\Java Runtime Environment...
32-bit search:	SOFTWARE\JavaSoft\Java Runtime Environment...
64-bit search:	SOFTWARE\JavaSoft\Java Development Kit...
32-bit search:	SOFTWARE\JavaSoft\Java Development Kit...
64-bit search:	SOFTWARE\JavaSoft\JRE...
32-bit search:	SOFTWARE\JavaSoft\JRE...
64-bit search:	SOFTWARE\JavaSoft\JDK...
32-bit search:	SOFTWARE\JavaSoft\JDK...
64-bit search:	SOFTWARE\IBM\Java Runtime Environment...
32-bit search:	SOFTWARE\IBM\Java Runtime Environment...
64-bit search:	SOFTWARE\IBM\Java Development Kit...
32-bit search:	SOFTWARE\IBM\Java Development Kit...
64-bit search:	SOFTWARE\IBM\Java2 Runtime Environment...
32-bit search:	SOFTWARE\IBM\Java2 Runtime Environment...
64-bit search:	SOFTWARE\IBM\Java Development Kit...
32-bit search:	SOFTWARE\IBM\Java Development Kit...
Error msg:	This application requires a Java Runtime Environment 17
Open URL:	http://java.com/download


Version:	3.14
CmdLine:	C:\Users\tady\IdeaProjects\voronoi\out\artifacts\voronoi_jar\voronoi.exe --l4j-debug
WOW64:		yes
Working dir:	C:\Users\tady\IdeaProjects\voronoi\out\artifacts\voronoi_jar\.
Java min ver:	1.007.000
Java max ver:	
64-bit search:	SOFTWARE\JavaSoft\Java Runtime Environment...
Check:		SOFTWARE\JavaSoft\Java Runtime Environment\1.8
Check launcher:	C:\java1.8\bin\javaw.exe (OK)
Match:		1.008.000
Check:		SOFTWARE\JavaSoft\Java Runtime Environment\1.8.0_311
Check launcher:	C:\java1.8\bin\javaw.exe (OK)
Match:		1.008.000_311
64-bit search:	SOFTWARE\JavaSoft\Java Development Kit...
64-bit search:	SOFTWARE\JavaSoft\JRE...
64-bit search:	SOFTWARE\JavaSoft\JDK...
Runtime used:	1.008.000_311 (64-bit)
Launcher:	C:\java1.8\bin\javaw.exe
Launcher args:	-jar "C:\Users\tady\IdeaProjects\voronoi\out\artifacts\voronoi_jar\voronoi.exe"
Args length:	79/32768 chars
Exit code:	0


Version:	3.14
CmdLine:	C:\Users\tady\IdeaProjects\voronoi\out\artifacts\voronoi_jar\voronoi.exe --l4j-debug
WOW64:		yes
Working dir:	C:\Users\tady\IdeaProjects\voronoi\out\artifacts\voronoi_jar\.
Java min ver:	1.007.000
Java max ver:	
64-bit search:	SOFTWARE\JavaSoft\Java Runtime Environment...
Check:		SOFTWARE\JavaSoft\Java Runtime Environment\1.8
Check launcher:	C:\java1.8\bin\javaw.exe (OK)
Match:		1.008.000
Check:		SOFTWARE\JavaSoft\Java Runtime Environment\1.8.0_311
Check launcher:	C:\java1.8\bin\javaw.exe (OK)
Match:		1.008.000_311
64-bit search:	SOFTWARE\JavaSoft\Java Development Kit...
64-bit search:	SOFTWARE\JavaSoft\JRE...
64-bit search:	SOFTWARE\JavaSoft\JDK...
Runtime used:	1.008.000_311 (64-bit)
Main class:	com.example.voronoi.Main.main
Info:		Classpath not defined.
Launcher:	C:\java1.8\bin\javaw.exe
Launcher args:	-classpath "C:\Users\tady\IdeaProjects\voronoi\out\artifacts\voronoi_jar\voronoi.exe" com.example.voronoi.Main.main
Args length:	115/32768 chars
Exit code:	0


Version:	3.14
CmdLine:	C:\Users\tady\IdeaProjects\voronoi\out\artifacts\voronoi_jar\voronoi.exe --l4j-debug
WOW64:		yes
Working dir:	C:\Users\tady\IdeaProjects\voronoi\out\artifacts\voronoi_jar\.
Java min ver:	1.007.000
Java max ver:	
64-bit search:	SOFTWARE\JavaSoft\Java Runtime Environment...
Check:		SOFTWARE\JavaSoft\Java Runtime Environment\1.8
Check launcher:	C:\java1.8\bin\javaw.exe (OK)
Match:		1.008.000
Check:		SOFTWARE\JavaSoft\Java Runtime Environment\1.8.0_311
Check launcher:	C:\java1.8\bin\javaw.exe (OK)
Match:		1.008.000_311
64-bit search:	SOFTWARE\JavaSoft\Java Development Kit...
64-bit search:	SOFTWARE\JavaSoft\JRE...
64-bit search:	SOFTWARE\JavaSoft\JDK...
Runtime used:	1.008.000_311 (64-bit)
Main class:	com.example.voronoi.Main.main
Info:		Classpath not defined.
Launcher:	C:\java1.8\bin\javaw.exe
Launcher args:	-classpath "C:\Users\tady\IdeaProjects\voronoi\out\artifacts\voronoi_jar\voronoi.exe" com.example.voronoi.Main.main
Args length:	115/32768 chars
Exit code:	0


Version:	3.14
CmdLine:	C:\Users\tady\IdeaProjects\voronoi\out\artifacts\voronoi_jar\voronoi.exe --l4j-debug
WOW64:		yes
Working dir:	C:\Users\tady\IdeaProjects\voronoi\out\artifacts\voronoi_jar\.
Java min ver:	1.007.000
Java max ver:	
64-bit search:	SOFTWARE\JavaSoft\Java Runtime Environment...
Check:		SOFTWARE\JavaSoft\Java Runtime Environment\1.8
Check launcher:	C:\java1.8\bin\javaw.exe (OK)
Match:		1.008.000
Check:		SOFTWARE\JavaSoft\Java Runtime Environment\1.8.0_311
Check launcher:	C:\java1.8\bin\javaw.exe (OK)
Match:		1.008.000_311
64-bit search:	SOFTWARE\JavaSoft\Java Development Kit...
64-bit search:	SOFTWARE\JavaSoft\JRE...
64-bit search:	SOFTWARE\JavaSoft\JDK...
Runtime used:	1.008.000_311 (64-bit)
Main class:	com.example.voronoi.Main.main
Info:		Classpath not defined.
Launcher:	C:\java1.8\bin\javaw.exe
Launcher args:	-classpath "C:\Users\tady\IdeaProjects\voronoi\out\artifacts\voronoi_jar\voronoi.exe" com.example.voronoi.Main.main
Args length:	115/32768 chars
Exit code:	0


Version:	3.14
CmdLine:	C:\Users\tady\IdeaProjects\voronoi\out\artifacts\voronoi_jar\voronoi.exe --l4j-debug
WOW64:		yes
Working dir:	C:\Users\tady\IdeaProjects\voronoi\out\artifacts\voronoi_jar\.
Java min ver:	1.007.000
Java max ver:	
64-bit search:	SOFTWARE\JavaSoft\Java Runtime Environment...
Check:		SOFTWARE\JavaSoft\Java Runtime Environment\1.8
Check launcher:	C:\java1.8\bin\javaw.exe (OK)
Match:		1.008.000
Check:		SOFTWARE\JavaSoft\Java Runtime Environment\1.8.0_311
Check launcher:	C:\java1.8\bin\javaw.exe (OK)
Match:		1.008.000_311
64-bit search:	SOFTWARE\JavaSoft\Java Development Kit...
64-bit search:	SOFTWARE\JavaSoft\JRE...
64-bit search:	SOFTWARE\JavaSoft\JDK...
Runtime used:	1.008.000_311 (64-bit)
Main class:	com.example.voronoi.Main.main
Info:		Classpath not defined.
Launcher:	C:\java1.8\bin\javaw.exe
Launcher args:	-classpath "C:\Users\tady\IdeaProjects\voronoi\out\artifacts\voronoi_jar\voronoi.exe" com.example.voronoi.Main.main
Args length:	115/32768 chars
Exit code:	0


Version:	3.14
CmdLine:	C:\Users\tady\IdeaProjects\voronoi\out\artifacts\voronoi_jar\voronoi.exe --l4j-debug
WOW64:		yes
Working dir:	C:\Users\tady\IdeaProjects\voronoi\out\artifacts\voronoi_jar\.
Java min ver:	1.007.000
Java max ver:	
64-bit search:	SOFTWARE\JavaSoft\Java Runtime Environment...
Check:		SOFTWARE\JavaSoft\Java Runtime Environment\1.8
Check launcher:	C:\java1.8\bin\javaw.exe (OK)
Match:		1.008.000
Check:		SOFTWARE\JavaSoft\Java Runtime Environment\1.8.0_311
Check launcher:	C:\java1.8\bin\javaw.exe (OK)
Match:		1.008.000_311
64-bit search:	SOFTWARE\JavaSoft\Java Development Kit...
64-bit search:	SOFTWARE\JavaSoft\JRE...
64-bit search:	SOFTWARE\JavaSoft\JDK...
Runtime used:	1.008.000_311 (64-bit)
Main class:	com.example.voronoi.Main.main
Info:		Classpath not defined.
Launcher:	C:\java1.8\bin\javaw.exe
Launcher args:	-classpath "C:\Users\tady\IdeaProjects\voronoi\out\artifacts\voronoi_jar\voronoi.exe" com.example.voronoi.Main.main
Args length:	115/32768 chars
Exit code:	0


Version:	3.14
CmdLine:	C:\Users\tady\IdeaProjects\voronoi\out\artifacts\voronoi_jar\voronoi.exe --l4j-debug
WOW64:		yes
Working dir:	C:\Users\tady\IdeaProjects\voronoi\out\artifacts\voronoi_jar\.
Java min ver:	1.007.000
Java max ver:	
64-bit search:	SOFTWARE\JavaSoft\Java Runtime Environment...
Check:		SOFTWARE\JavaSoft\Java Runtime Environment\1.8
Check launcher:	C:\java1.8\bin\javaw.exe (OK)
Match:		1.008.000
Check:		SOFTWARE\JavaSoft\Java Runtime Environment\1.8.0_311
Check launcher:	C:\java1.8\bin\javaw.exe (OK)
Match:		1.008.000_311
64-bit search:	SOFTWARE\JavaSoft\Java Development Kit...
64-bit search:	SOFTWARE\JavaSoft\JRE...
64-bit search:	SOFTWARE\JavaSoft\JDK...
Runtime used:	1.008.000_311 (64-bit)
Main class:	com.example.voronoi.Main.main
Info:		Classpath not defined.
Launcher:	C:\java1.8\bin\javaw.exe
Launcher args:	-classpath "C:\Users\tady\IdeaProjects\voronoi\out\artifacts\voronoi_jar\voronoi.exe" com.example.voronoi.Main.main
Args length:	115/32768 chars
Exit code:	0


Version:	3.14
CmdLine:	C:\Users\tady\IdeaProjects\voronoi\out\artifacts\voronoi_jar\voronoi.exe --l4j-debug
WOW64:		yes
Working dir:	C:\Users\tady\IdeaProjects\voronoi\out\artifacts\voronoi_jar\.
Java min ver:	1.007.000
Java max ver:	
64-bit search:	SOFTWARE\JavaSoft\Java Runtime Environment...
Check:		SOFTWARE\JavaSoft\Java Runtime Environment\1.8
Check launcher:	C:\java1.8\bin\javaw.exe (OK)
Match:		1.008.000
Check:		SOFTWARE\JavaSoft\Java Runtime Environment\1.8.0_311
Check launcher:	C:\java1.8\bin\javaw.exe (OK)
Match:		1.008.000_311
64-bit search:	SOFTWARE\JavaSoft\Java Development Kit...
64-bit search:	SOFTWARE\JavaSoft\JRE...
64-bit search:	SOFTWARE\JavaSoft\JDK...
Runtime used:	1.008.000_311 (64-bit)
Main class:	com.example.voronoi.Main.main
Info:		Classpath not defined.
Launcher:	C:\java1.8\bin\javaw.exe
Launcher args:	-classpath "C:\Users\tady\IdeaProjects\voronoi\out\artifacts\voronoi_jar\voronoi.exe" com.example.voronoi.Main.main
Args length:	115/32768 chars
Exit code:	0


Version:	3.14
CmdLine:	C:\Users\tady\IdeaProjects\voronoi\out\artifacts\voronoi_jar\voronoi.exe --l4j-debug
WOW64:		yes
Working dir:	C:\Users\tady\IdeaProjects\voronoi\out\artifacts\voronoi_jar\.
Java min ver:	1.007.000
Java max ver:	
64-bit search:	SOFTWARE\JavaSoft\Java Runtime Environment...
Check:		SOFTWARE\JavaSoft\Java Runtime Environment\1.8
Check launcher:	C:\java1.8\bin\javaw.exe (OK)
Match:		1.008.000
Check:		SOFTWARE\JavaSoft\Java Runtime Environment\1.8.0_311
Check launcher:	C:\java1.8\bin\javaw.exe (OK)
Match:		1.008.000_311
64-bit search:	SOFTWARE\JavaSoft\Java Development Kit...
64-bit search:	SOFTWARE\JavaSoft\JRE...
64-bit search:	SOFTWARE\JavaSoft\JDK...
Runtime used:	1.008.000_311 (64-bit)
Main class:	com.example.voronoi.Main.main
Info:		Classpath not defined.
Launcher:	C:\java1.8\bin\javaw.exe
Launcher args:	-classpath "C:\Users\tady\IdeaProjects\voronoi\out\artifacts\voronoi_jar\voronoi.exe" com.example.voronoi.Main.main
Args length:	115/32768 chars
Exit code:	0


Version:	3.14
CmdLine:	C:\Users\tady\IdeaProjects\voronoi\out\artifacts\voronoi_jar\voronoi.exe --l4j-debug
WOW64:		yes
Working dir:	C:\Users\tady\IdeaProjects\voronoi\out\artifacts\voronoi_jar\.
Java min ver:	1.007.000
Java max ver:	
64-bit search:	SOFTWARE\JavaSoft\Java Runtime Environment...
Check:		SOFTWARE\JavaSoft\Java Runtime Environment\1.8
Check launcher:	C:\java1.8\bin\javaw.exe (OK)
Match:		1.008.000
Check:		SOFTWARE\JavaSoft\Java Runtime Environment\1.8.0_311
Check launcher:	C:\java1.8\bin\javaw.exe (OK)
Match:		1.008.000_311
64-bit search:	SOFTWARE\JavaSoft\Java Development Kit...
64-bit search:	SOFTWARE\JavaSoft\JRE...
64-bit search:	SOFTWARE\JavaSoft\JDK...
Runtime used:	1.008.000_311 (64-bit)
Main class:	com.example.voronoi.Main.main
Info:		Classpath not defined.
Launcher:	C:\java1.8\bin\javaw.exe
Launcher args:	-classpath "C:\Users\tady\IdeaProjects\voronoi\out\artifacts\voronoi_jar\voronoi.exe" com.example.voronoi.Main.main
Args length:	115/32768 chars
Exit code:	0


Version:	3.14
CmdLine:	C:\Users\tady\IdeaProjects\voronoi\out\artifacts\voronoi_jar\voronoi.exe --l4j-debug
WOW64:		yes
Working dir:	C:\Users\tady\IdeaProjects\voronoi\out\artifacts\voronoi_jar\.
Java min ver:	1.007.000
Java max ver:	
64-bit search:	SOFTWARE\JavaSoft\Java Runtime Environment...
Check:		SOFTWARE\JavaSoft\Java Runtime Environment\1.8
Check launcher:	C:\java1.8\bin\javaw.exe (OK)
Match:		1.008.000
Check:		SOFTWARE\JavaSoft\Java Runtime Environment\1.8.0_311
Check launcher:	C:\java1.8\bin\javaw.exe (OK)
Match:		1.008.000_311
64-bit search:	SOFTWARE\JavaSoft\Java Development Kit...
64-bit search:	SOFTWARE\JavaSoft\JRE...
64-bit search:	SOFTWARE\JavaSoft\JDK...
Runtime used:	1.008.000_311 (64-bit)
Main class:	com.example.voronoi.Main.main
Info:		Classpath not defined.
Launcher:	C:\java1.8\bin\javaw.exe
Launcher args:	-classpath "C:\Users\tady\IdeaProjects\voronoi\out\artifacts\voronoi_jar\voronoi.exe" com.example.voronoi.Main.main
Args length:	115/32768 chars
Exit code:	0


Version:	3.14
CmdLine:	C:\Users\tady\IdeaProjects\voronoi\out\artifacts\voronoi_jar\voronoi.exe --l4j-debug
WOW64:		yes
Working dir:	C:\Users\tady\IdeaProjects\voronoi\out\artifacts\voronoi_jar\.
Java min ver:	1.007.000
Java max ver:	
64-bit search:	SOFTWARE\JavaSoft\Java Runtime Environment...
Check:		SOFTWARE\JavaSoft\Java Runtime Environment\1.8
Check launcher:	C:\java1.8\bin\javaw.exe (OK)
Match:		1.008.000
Check:		SOFTWARE\JavaSoft\Java Runtime Environment\1.8.0_311
Check launcher:	C:\java1.8\bin\javaw.exe (OK)
Match:		1.008.000_311
64-bit search:	SOFTWARE\JavaSoft\Java Development Kit...
64-bit search:	SOFTWARE\JavaSoft\JRE...
64-bit search:	SOFTWARE\JavaSoft\JDK...
Runtime used:	1.008.000_311 (64-bit)
Main class:	com.example.voronoi.Main.main
Info:		Classpath not defined.
Launcher:	C:\java1.8\bin\javaw.exe
Launcher args:	-classpath "C:\Users\tady\IdeaProjects\voronoi\out\artifacts\voronoi_jar\voronoi.exe" com.example.voronoi.Main.main
Args length:	115/32768 chars
Exit code:	0


Version:	3.14
CmdLine:	C:\Users\tady\IdeaProjects\voronoi\out\artifacts\voronoi_jar\voronoi.exe --l4j-debug
WOW64:		yes
Working dir:	C:\Users\tady\IdeaProjects\voronoi\out\artifacts\voronoi_jar\.
Java min ver:	1.008.000
Java max ver:	
64-bit search:	SOFTWARE\JavaSoft\Java Runtime Environment...
Check:		SOFTWARE\JavaSoft\Java Runtime Environment\1.8
Check launcher:	C:\java1.8\bin\javaw.exe (OK)
Match:		1.008.000
Check:		SOFTWARE\JavaSoft\Java Runtime Environment\1.8.0_311
Check launcher:	C:\java1.8\bin\javaw.exe (OK)
Match:		1.008.000_311
64-bit search:	SOFTWARE\JavaSoft\Java Development Kit...
64-bit search:	SOFTWARE\JavaSoft\JRE...
64-bit search:	SOFTWARE\JavaSoft\JDK...
Runtime used:	1.008.000_311 (64-bit)
Main class:	com.example.voronoi.Main
Info:		Classpath not defined.
Launcher:	C:\java1.8\bin\javaw.exe
Launcher args:	-classpath "C:\Users\tady\IdeaProjects\voronoi\out\artifacts\voronoi_jar\voronoi.exe" com.example.voronoi.Main
Args length:	110/32768 chars
Exit code:	0


Version:	3.14
CmdLine:	C:\Users\tady\IdeaProjects\voronoi\out\artifacts\voronoi_jar\voronoi.exe --l4j-debug
WOW64:		yes
Working dir:	C:\Users\tady\IdeaProjects\voronoi\out\artifacts\voronoi_jar\.
Java min ver:	1.008.000
Java max ver:	
64-bit search:	SOFTWARE\JavaSoft\Java Runtime Environment...
Check:		SOFTWARE\JavaSoft\Java Runtime Environment\1.8
Check launcher:	C:\java1.8\bin\javaw.exe (OK)
Match:		1.008.000
Check:		SOFTWARE\JavaSoft\Java Runtime Environment\1.8.0_311
Check launcher:	C:\java1.8\bin\javaw.exe (OK)
Match:		1.008.000_311
64-bit search:	SOFTWARE\JavaSoft\Java Development Kit...
64-bit search:	SOFTWARE\JavaSoft\JRE...
64-bit search:	SOFTWARE\JavaSoft\JDK...
Runtime used:	1.008.000_311 (64-bit)
Main class:	com.example.voronoi.Main
Info:		Classpath not defined.
Launcher:	C:\java1.8\bin\javaw.exe
Launcher args:	-classpath "C:\Users\tady\IdeaProjects\voronoi\out\artifacts\voronoi_jar\voronoi.exe" com.example.voronoi.Main
Args length:	110/32768 chars
Exit code:	0


Version:	3.14
CmdLine:	C:\Users\tady\IdeaProjects\voronoi\out\artifacts\voronoi_jar\voronoi.exe --l4j-debug
WOW64:		yes
Working dir:	C:\Users\tady\IdeaProjects\voronoi\out\artifacts\voronoi_jar\.
Java min ver:	1.008.000
Java max ver:	
64-bit search:	SOFTWARE\JavaSoft\Java Runtime Environment...
Check:		SOFTWARE\JavaSoft\Java Runtime Environment\1.8
Check launcher:	C:\java1.8\bin\javaw.exe (OK)
Match:		1.008.000
Check:		SOFTWARE\JavaSoft\Java Runtime Environment\1.8.0_311
Check launcher:	C:\java1.8\bin\javaw.exe (OK)
Match:		1.008.000_311
64-bit search:	SOFTWARE\JavaSoft\Java Development Kit...
64-bit search:	SOFTWARE\JavaSoft\JRE...
64-bit search:	SOFTWARE\JavaSoft\JDK...
Runtime used:	1.008.000_311 (64-bit)
Main class:	com.example.voronoi.Main
Info:		Classpath not defined.
Launcher:	C:\java1.8\bin\javaw.exe
Launcher args:	-classpath "C:\Users\tady\IdeaProjects\voronoi\out\artifacts\voronoi_jar\voronoi.exe" com.example.voronoi.Main
Args length:	110/32768 chars
Exit code:	0


Version:	3.14
CmdLine:	C:\Users\tady\IdeaProjects\voronoi\out\artifacts\voronoi_jar\voronoi.exe --l4j-debug
WOW64:		yes
Working dir:	C:\Users\tady\IdeaProjects\voronoi\out\artifacts\voronoi_jar\.
Java min ver:	1.008.000
Java max ver:	
64-bit search:	SOFTWARE\JavaSoft\Java Runtime Environment...
Check:		SOFTWARE\JavaSoft\Java Runtime Environment\1.8
Check launcher:	C:\java1.8\bin\javaw.exe (OK)
Match:		1.008.000
Check:		SOFTWARE\JavaSoft\Java Runtime Environment\1.8.0_311
Check launcher:	C:\java1.8\bin\javaw.exe (OK)
Match:		1.008.000_311
64-bit search:	SOFTWARE\JavaSoft\Java Development Kit...
64-bit search:	SOFTWARE\JavaSoft\JRE...
64-bit search:	SOFTWARE\JavaSoft\JDK...
Runtime used:	1.008.000_311 (64-bit)
Main class:	com.example.voronoi.Main
Info:		Classpath not defined.
Launcher:	C:\java1.8\bin\javaw.exe
Launcher args:	-classpath "C:\Users\tady\IdeaProjects\voronoi\out\artifacts\voronoi_jar\voronoi.exe" com.example.voronoi.Main
Args length:	110/32768 chars
Exit code:	0


Version:	3.14
CmdLine:	C:\Users\tady\IdeaProjects\voronoi\out\artifacts\voronoi_jar\voronoi.exe --l4j-debug
WOW64:		yes
Working dir:	C:\Users\tady\IdeaProjects\voronoi\out\artifacts\voronoi_jar\.
Java min ver:	1.008.000
Java max ver:	
64-bit search:	SOFTWARE\JavaSoft\Java Runtime Environment...
Check:		SOFTWARE\JavaSoft\Java Runtime Environment\1.8
Check launcher:	C:\java1.8\bin\javaw.exe (OK)
Match:		1.008.000
Check:		SOFTWARE\JavaSoft\Java Runtime Environment\1.8.0_311
Check launcher:	C:\java1.8\bin\javaw.exe (OK)
Match:		1.008.000_311
64-bit search:	SOFTWARE\JavaSoft\Java Development Kit...
64-bit search:	SOFTWARE\JavaSoft\JRE...
64-bit search:	SOFTWARE\JavaSoft\JDK...
Runtime used:	1.008.000_311 (64-bit)
Main class:	com.example.voronoi.Main
Info:		Classpath not defined.
Launcher:	C:\java1.8\bin\javaw.exe
Launcher args:	-classpath "C:\Users\tady\IdeaProjects\voronoi\out\artifacts\voronoi_jar\voronoi.exe" com.example.voronoi.Main
Args length:	110/32768 chars
Exit code:	0
